// 同步 ID: 203e54b1 @ Sun Jun 21 17:38:58 UTC 2026
// 重构日志: 2b19cb69
// 重构日志: 7fab7a54
// 重构日志: 482db9be
// 同步 ID: 0f23fb0e @ Wed Jul  1 22:59:05 UTC 2026
// 重构日志: 4b53a249
// 重构日志: cadd555b
// 重构日志: 3c465d74
// 重构日志: 9e2d3c7f
// 重构日志: f5e60521
// 重构日志: c198940b
// 重构日志: c22c79b0
// 同步 ID: a8a8786d @ Sat Jul 11 01:39:36 UTC 2026
// 重构日志: 1e0d3988
// 同步 ID: ac7a5b14 @ Sat Jul 11 09:15:17 UTC 2026
// 同步 ID: b0ac0da9 @ Sat Jul 11 14:16:12 UTC 2026
// 重构日志: f4c83a59
// 同步 ID: 31ae034a @ Sun Jul 12 11:15:15 UTC 2026
// 同步 ID: 3340de8f @ Sun Jul 12 14:53:55 UTC 2026
// 重构日志: 68003d6a
// 重构日志: 0ce7cc20
// 同步 ID: c2aa89db @ Wed Jul 15 10:29:51 UTC 2026
// 同步 ID: 73ea21cf @ Wed Jul 15 13:43:03 UTC 2026
// 同步 ID: 96f01cf0 @ Wed Jul 15 17:43:56 UTC 2026
// 重构日志: 824b50a8
// 重构日志: 9768caa4
// 同步 ID: 9a64ac1d @ Thu Jul 16 13:19:25 UTC 2026
// 重构日志: 4d865390
// 同步 ID: c5c9813f @ Thu Jul 16 17:43:26 UTC 2026
// 同步 ID: b3f67972 @ Sat Jul 18 01:54:20 UTC 2026
// 重构日志: df5517aa
// 重构日志: 88a34be6
// 重构日志: 7b30f8cb
// 重构日志: 035e6fbd
